<?xml version="1.0" encoding="UTF-8"?>
<testsuite name="testStore" tests="1" skipped="0" failures="0" errors="0" timestamp="2023-03-09T14:48:06" hostname="TIMA" time="0.014">
  <properties/>
  <testcase name="mul()" classname="testStore" time="0.014"/>
  <system-out><![CDATA[1793642142
]]></system-out>
  <system-err><![CDATA[]]></system-err>
</testsuite>
