<?xml version="1.0" encoding="UTF-8"?>
<testsuite name="test" tests="1" skipped="0" failures="0" errors="0" timestamp="2023-03-02T16:25:16" hostname="TIMA" time="0.012">
  <properties/>
  <testcase name="testStrStorage()" classname="test" time="0.012"/>
  <system-out><![CDATA[]]></system-out>
  <system-err><![CDATA[]]></system-err>
</testsuite>
